2012-09-22 22:16:22 Error: [MissingControllerException] Controller class IndexController could not be found.
#0 /var/www/webhost/app/webroot/index.php(92): Dispatcher->dispatch(Object(CakeRequest), Object(CakeResponse))
#1 {main}
2012-09-22 22:16:37 Error: [MissingControllerException] Controller class UsersController could not be found.
#0 /var/www/webhost/app/webroot/index.php(92): Dispatcher->dispatch(Object(CakeRequest), Object(CakeResponse))
#1 {main}
2012-09-22 22:16:40 Error: [MissingControllerException] Controller class UsersController could not be found.
#0 /var/www/webhost/app/webroot/index.php(92): Dispatcher->dispatch(Object(CakeRequest), Object(CakeResponse))
#1 {main}
2012-09-22 23:53:27 Error: [MissingControllerException] Controller class LoginController could not be found.
#0 /var/www/webhost/app/webroot/index.php(92): Dispatcher->dispatch(Object(CakeRequest), Object(CakeResponse))
#1 {main}
2012-09-24 06:08:40 Error: [MissingControllerException] Controller class PostsController could not be found.
#0 /var/www/webhost/app/webroot/index.php(92): Dispatcher->dispatch(Object(CakeRequest), Object(CakeResponse))
#1 {main}
2012-09-24 06:08:57 Error: [MissingControllerException] Controller class PostsController could not be found.
#0 /var/www/webhost/app/webroot/index.php(92): Dispatcher->dispatch(Object(CakeRequest), Object(CakeResponse))
#1 {main}
2012-09-24 06:09:12 Error: [MissingControllerException] Controller class PostsController could not be found.
#0 /var/www/webhost/app/webroot/index.php(92): Dispatcher->dispatch(Object(CakeRequest), Object(CakeResponse))
#1 {main}
2012-09-24 06:09:23 Error: [MissingControllerException] Controller class PostsController could not be found.
#0 /var/www/webhost/app/webroot/index.php(92): Dispatcher->dispatch(Object(CakeRequest), Object(CakeResponse))
#1 {main}
2012-09-24 06:09:38 Error: [MissingControllerException] Controller class PostsController could not be found.
#0 /var/www/webhost/app/webroot/index.php(92): Dispatcher->dispatch(Object(CakeRequest), Object(CakeResponse))
#1 {main}
2012-09-24 06:11:44 Error: [MissingControllerException] Controller class PostsController could not be found.
#0 /var/www/webhost/app/webroot/index.php(92): Dispatcher->dispatch(Object(CakeRequest), Object(CakeResponse))
#1 {main}
2012-09-24 06:11:58 Error: [MissingControllerException] Controller class PostsController could not be found.
#0 /var/www/webhost/app/webroot/index.php(92): Dispatcher->dispatch(Object(CakeRequest), Object(CakeResponse))
#1 {main}
2012-09-24 06:25:58 Error: [MissingControllerException] Controller class PostsController could not be found.
#0 /var/www/webhost/app/webroot/index.php(92): Dispatcher->dispatch(Object(CakeRequest), Object(CakeResponse))
#1 {main}
2012-09-24 06:26:14 Error: [MissingControllerException] Controller class PostsController could not be found.
#0 /var/www/webhost/app/webroot/index.php(92): Dispatcher->dispatch(Object(CakeRequest), Object(CakeResponse))
#1 {main}
2012-09-24 06:26:51 Error: [NotFoundException] Invalid user
#0 [internal function]: UsersController->view()
#1 /var/www/webhost/lib/Cake/Controller/Controller.php(485): ReflectionMethod->invokeArgs(Object(UsersController), Array)
#2 /var/www/webhost/lib/Cake/Routing/Dispatcher.php(186): Controller->invokeAction(Object(CakeRequest))
#3 /var/www/webhost/lib/Cake/Routing/Dispatcher.php(161): Dispatcher->_invoke(Object(UsersController), Object(CakeRequest), Object(CakeResponse))
#4 /var/www/webhost/app/webroot/index.php(92): Dispatcher->dispatch(Object(CakeRequest), Object(CakeResponse))
#5 {main}
2012-09-24 06:32:43 Error: [MissingControllerException] Controller class PostsController could not be found.
#0 /var/www/webhost/app/webroot/index.php(92): Dispatcher->dispatch(Object(CakeRequest), Object(CakeResponse))
#1 {main}
2012-09-24 06:33:06 Error: [MissingControllerException] Controller class PostsController could not be found.
#0 /var/www/webhost/app/webroot/index.php(92): Dispatcher->dispatch(Object(CakeRequest), Object(CakeResponse))
#1 {main}
2012-09-24 06:42:53 Error: [NotFoundException] Invalid user
#0 [internal function]: UsersController->view('$id')
#1 /var/www/webhost/lib/Cake/Controller/Controller.php(485): ReflectionMethod->invokeArgs(Object(UsersController), Array)
#2 /var/www/webhost/lib/Cake/Routing/Dispatcher.php(186): Controller->invokeAction(Object(CakeRequest))
#3 /var/www/webhost/lib/Cake/Routing/Dispatcher.php(161): Dispatcher->_invoke(Object(UsersController), Object(CakeRequest), Object(CakeResponse))
#4 /var/www/webhost/app/webroot/index.php(92): Dispatcher->dispatch(Object(CakeRequest), Object(CakeResponse))
#5 {main}
2012-09-24 06:44:01 Error: [NotFoundException] Invalid user
#0 [internal function]: UsersController->view('$id')
#1 /var/www/webhost/lib/Cake/Controller/Controller.php(485): ReflectionMethod->invokeArgs(Object(UsersController), Array)
#2 /var/www/webhost/lib/Cake/Routing/Dispatcher.php(186): Controller->invokeAction(Object(CakeRequest))
#3 /var/www/webhost/lib/Cake/Routing/Dispatcher.php(161): Dispatcher->_invoke(Object(UsersController), Object(CakeRequest), Object(CakeResponse))
#4 /var/www/webhost/app/webroot/index.php(92): Dispatcher->dispatch(Object(CakeRequest), Object(CakeResponse))
#5 {main}
2012-09-24 06:44:03 Error: [NotFoundException] Invalid user
#0 [internal function]: UsersController->view('$id')
#1 /var/www/webhost/lib/Cake/Controller/Controller.php(485): ReflectionMethod->invokeArgs(Object(UsersController), Array)
#2 /var/www/webhost/lib/Cake/Routing/Dispatcher.php(186): Controller->invokeAction(Object(CakeRequest))
#3 /var/www/webhost/lib/Cake/Routing/Dispatcher.php(161): Dispatcher->_invoke(Object(UsersController), Object(CakeRequest), Object(CakeResponse))
#4 /var/www/webhost/app/webroot/index.php(92): Dispatcher->dispatch(Object(CakeRequest), Object(CakeResponse))
#5 {main}
2012-09-24 06:44:23 Error: [NotFoundException] Invalid user
#0 [internal function]: UsersController->view('$id')
#1 /var/www/webhost/lib/Cake/Controller/Controller.php(485): ReflectionMethod->invokeArgs(Object(UsersController), Array)
#2 /var/www/webhost/lib/Cake/Routing/Dispatcher.php(186): Controller->invokeAction(Object(CakeRequest))
#3 /var/www/webhost/lib/Cake/Routing/Dispatcher.php(161): Dispatcher->_invoke(Object(UsersController), Object(CakeRequest), Object(CakeResponse))
#4 /var/www/webhost/app/webroot/index.php(92): Dispatcher->dispatch(Object(CakeRequest), Object(CakeResponse))
#5 {main}
2012-09-24 06:44:24 Error: [NotFoundException] Invalid user
#0 [internal function]: UsersController->view('$id')
#1 /var/www/webhost/lib/Cake/Controller/Controller.php(485): ReflectionMethod->invokeArgs(Object(UsersController), Array)
#2 /var/www/webhost/lib/Cake/Routing/Dispatcher.php(186): Controller->invokeAction(Object(CakeRequest))
#3 /var/www/webhost/lib/Cake/Routing/Dispatcher.php(161): Dispatcher->_invoke(Object(UsersController), Object(CakeRequest), Object(CakeResponse))
#4 /var/www/webhost/app/webroot/index.php(92): Dispatcher->dispatch(Object(CakeRequest), Object(CakeResponse))
#5 {main}
2012-09-24 06:44:40 Error: [NotFoundException] Invalid user
#0 [internal function]: UsersController->view('$id')
#1 /var/www/webhost/lib/Cake/Controller/Controller.php(485): ReflectionMethod->invokeArgs(Object(UsersController), Array)
#2 /var/www/webhost/lib/Cake/Routing/Dispatcher.php(186): Controller->invokeAction(Object(CakeRequest))
#3 /var/www/webhost/lib/Cake/Routing/Dispatcher.php(161): Dispatcher->_invoke(Object(UsersController), Object(CakeRequest), Object(CakeResponse))
#4 /var/www/webhost/app/webroot/index.php(92): Dispatcher->dispatch(Object(CakeRequest), Object(CakeResponse))
#5 {main}
2012-09-24 06:44:41 Error: [NotFoundException] Invalid user
#0 [internal function]: UsersController->view('$id')
#1 /var/www/webhost/lib/Cake/Controller/Controller.php(485): ReflectionMethod->invokeArgs(Object(UsersController), Array)
#2 /var/www/webhost/lib/Cake/Routing/Dispatcher.php(186): Controller->invokeAction(Object(CakeRequest))
#3 /var/www/webhost/lib/Cake/Routing/Dispatcher.php(161): Dispatcher->_invoke(Object(UsersController), Object(CakeRequest), Object(CakeResponse))
#4 /var/www/webhost/app/webroot/index.php(92): Dispatcher->dispatch(Object(CakeRequest), Object(CakeResponse))
#5 {main}
2012-09-24 06:44:42 Error: [NotFoundException] Invalid user
#0 [internal function]: UsersController->view('$id')
#1 /var/www/webhost/lib/Cake/Controller/Controller.php(485): ReflectionMethod->invokeArgs(Object(UsersController), Array)
#2 /var/www/webhost/lib/Cake/Routing/Dispatcher.php(186): Controller->invokeAction(Object(CakeRequest))
#3 /var/www/webhost/lib/Cake/Routing/Dispatcher.php(161): Dispatcher->_invoke(Object(UsersController), Object(CakeRequest), Object(CakeResponse))
#4 /var/www/webhost/app/webroot/index.php(92): Dispatcher->dispatch(Object(CakeRequest), Object(CakeResponse))
#5 {main}
2012-09-24 06:45:09 Error: [NotFoundException] Invalid user
#0 [internal function]: UsersController->view('$id')
#1 /var/www/webhost/lib/Cake/Controller/Controller.php(485): ReflectionMethod->invokeArgs(Object(UsersController), Array)
#2 /var/www/webhost/lib/Cake/Routing/Dispatcher.php(186): Controller->invokeAction(Object(CakeRequest))
#3 /var/www/webhost/lib/Cake/Routing/Dispatcher.php(161): Dispatcher->_invoke(Object(UsersController), Object(CakeRequest), Object(CakeResponse))
#4 /var/www/webhost/app/webroot/index.php(92): Dispatcher->dispatch(Object(CakeRequest), Object(CakeResponse))
#5 {main}
2012-09-24 06:45:10 Error: [NotFoundException] Invalid user
#0 [internal function]: UsersController->view('$id')
#1 /var/www/webhost/lib/Cake/Controller/Controller.php(485): ReflectionMethod->invokeArgs(Object(UsersController), Array)
#2 /var/www/webhost/lib/Cake/Routing/Dispatcher.php(186): Controller->invokeAction(Object(CakeRequest))
#3 /var/www/webhost/lib/Cake/Routing/Dispatcher.php(161): Dispatcher->_invoke(Object(UsersController), Object(CakeRequest), Object(CakeResponse))
#4 /var/www/webhost/app/webroot/index.php(92): Dispatcher->dispatch(Object(CakeRequest), Object(CakeResponse))
#5 {main}
2012-09-24 06:45:18 Error: [NotFoundException] Invalid user
#0 [internal function]: UsersController->view()
#1 /var/www/webhost/lib/Cake/Controller/Controller.php(485): ReflectionMethod->invokeArgs(Object(UsersController), Array)
#2 /var/www/webhost/lib/Cake/Routing/Dispatcher.php(186): Controller->invokeAction(Object(CakeRequest))
#3 /var/www/webhost/lib/Cake/Routing/Dispatcher.php(161): Dispatcher->_invoke(Object(UsersController), Object(CakeRequest), Object(CakeResponse))
#4 /var/www/webhost/app/webroot/index.php(92): Dispatcher->dispatch(Object(CakeRequest), Object(CakeResponse))
#5 {main}
2012-09-24 06:48:02 Error: [NotFoundException] Invalid user
#0 [internal function]: UsersController->view()
#1 /var/www/webhost/lib/Cake/Controller/Controller.php(485): ReflectionMethod->invokeArgs(Object(UsersController), Array)
#2 /var/www/webhost/lib/Cake/Routing/Dispatcher.php(186): Controller->invokeAction(Object(CakeRequest))
#3 /var/www/webhost/lib/Cake/Routing/Dispatcher.php(161): Dispatcher->_invoke(Object(UsersController), Object(CakeRequest), Object(CakeResponse))
#4 /var/www/webhost/app/webroot/index.php(92): Dispatcher->dispatch(Object(CakeRequest), Object(CakeResponse))
#5 {main}
2012-09-24 06:48:03 Error: [NotFoundException] Invalid user
#0 [internal function]: UsersController->view()
#1 /var/www/webhost/lib/Cake/Controller/Controller.php(485): ReflectionMethod->invokeArgs(Object(UsersController), Array)
#2 /var/www/webhost/lib/Cake/Routing/Dispatcher.php(186): Controller->invokeAction(Object(CakeRequest))
#3 /var/www/webhost/lib/Cake/Routing/Dispatcher.php(161): Dispatcher->_invoke(Object(UsersController), Object(CakeRequest), Object(CakeResponse))
#4 /var/www/webhost/app/webroot/index.php(92): Dispatcher->dispatch(Object(CakeRequest), Object(CakeResponse))
#5 {main}
2012-09-24 06:58:19 Error: [NotFoundException] Invalid user
#0 [internal function]: UsersController->view()
#1 /var/www/webhost/lib/Cake/Controller/Controller.php(485): ReflectionMethod->invokeArgs(Object(UsersController), Array)
#2 /var/www/webhost/lib/Cake/Routing/Dispatcher.php(186): Controller->invokeAction(Object(CakeRequest))
#3 /var/www/webhost/lib/Cake/Routing/Dispatcher.php(161): Dispatcher->_invoke(Object(UsersController), Object(CakeRequest), Object(CakeResponse))
#4 /var/www/webhost/app/webroot/index.php(92): Dispatcher->dispatch(Object(CakeRequest), Object(CakeResponse))
#5 {main}
2012-09-24 06:58:29 Error: [NotFoundException] Invalid user
#0 [internal function]: UsersController->view()
#1 /var/www/webhost/lib/Cake/Controller/Controller.php(485): ReflectionMethod->invokeArgs(Object(UsersController), Array)
#2 /var/www/webhost/lib/Cake/Routing/Dispatcher.php(186): Controller->invokeAction(Object(CakeRequest))
#3 /var/www/webhost/lib/Cake/Routing/Dispatcher.php(161): Dispatcher->_invoke(Object(UsersController), Object(CakeRequest), Object(CakeResponse))
#4 /var/www/webhost/app/webroot/index.php(92): Dispatcher->dispatch(Object(CakeRequest), Object(CakeResponse))
#5 {main}
2012-09-24 06:59:11 Error: [NotFoundException] Invalid user
#0 [internal function]: UsersController->view()
#1 /var/www/webhost/lib/Cake/Controller/Controller.php(485): ReflectionMethod->invokeArgs(Object(UsersController), Array)
#2 /var/www/webhost/lib/Cake/Routing/Dispatcher.php(186): Controller->invokeAction(Object(CakeRequest))
#3 /var/www/webhost/lib/Cake/Routing/Dispatcher.php(161): Dispatcher->_invoke(Object(UsersController), Object(CakeRequest), Object(CakeResponse))
#4 /var/www/webhost/app/webroot/index.php(92): Dispatcher->dispatch(Object(CakeRequest), Object(CakeResponse))
#5 {main}
2012-09-24 07:00:54 Error: [NotFoundException] Invalid user
#0 [internal function]: UsersController->view()
#1 /var/www/webhost/lib/Cake/Controller/Controller.php(485): ReflectionMethod->invokeArgs(Object(UsersController), Array)
#2 /var/www/webhost/lib/Cake/Routing/Dispatcher.php(186): Controller->invokeAction(Object(CakeRequest))
#3 /var/www/webhost/lib/Cake/Routing/Dispatcher.php(161): Dispatcher->_invoke(Object(UsersController), Object(CakeRequest), Object(CakeResponse))
#4 /var/www/webhost/app/webroot/index.php(92): Dispatcher->dispatch(Object(CakeRequest), Object(CakeResponse))
#5 {main}
2012-09-24 07:03:25 Error: [NotFoundException] Invalid user
#0 [internal function]: UsersController->view()
#1 /var/www/webhost/lib/Cake/Controller/Controller.php(485): ReflectionMethod->invokeArgs(Object(UsersController), Array)
#2 /var/www/webhost/lib/Cake/Routing/Dispatcher.php(186): Controller->invokeAction(Object(CakeRequest))
#3 /var/www/webhost/lib/Cake/Routing/Dispatcher.php(161): Dispatcher->_invoke(Object(UsersController), Object(CakeRequest), Object(CakeResponse))
#4 /var/www/webhost/app/webroot/index.php(92): Dispatcher->dispatch(Object(CakeRequest), Object(CakeResponse))
#5 {main}
2012-09-24 07:03:26 Error: [NotFoundException] Invalid user
#0 [internal function]: UsersController->view()
#1 /var/www/webhost/lib/Cake/Controller/Controller.php(485): ReflectionMethod->invokeArgs(Object(UsersController), Array)
#2 /var/www/webhost/lib/Cake/Routing/Dispatcher.php(186): Controller->invokeAction(Object(CakeRequest))
#3 /var/www/webhost/lib/Cake/Routing/Dispatcher.php(161): Dispatcher->_invoke(Object(UsersController), Object(CakeRequest), Object(CakeResponse))
#4 /var/www/webhost/app/webroot/index.php(92): Dispatcher->dispatch(Object(CakeRequest), Object(CakeResponse))
#5 {main}
2012-09-24 07:03:27 Error: [NotFoundException] Invalid user
#0 [internal function]: UsersController->view()
#1 /var/www/webhost/lib/Cake/Controller/Controller.php(485): ReflectionMethod->invokeArgs(Object(UsersController), Array)
#2 /var/www/webhost/lib/Cake/Routing/Dispatcher.php(186): Controller->invokeAction(Object(CakeRequest))
#3 /var/www/webhost/lib/Cake/Routing/Dispatcher.php(161): Dispatcher->_invoke(Object(UsersController), Object(CakeRequest), Object(CakeResponse))
#4 /var/www/webhost/app/webroot/index.php(92): Dispatcher->dispatch(Object(CakeRequest), Object(CakeResponse))
#5 {main}
2012-09-24 07:04:45 Error: [NotFoundException] Invalid user
#0 [internal function]: UsersController->view()
#1 /var/www/webhost/lib/Cake/Controller/Controller.php(485): ReflectionMethod->invokeArgs(Object(UsersController), Array)
#2 /var/www/webhost/lib/Cake/Routing/Dispatcher.php(186): Controller->invokeAction(Object(CakeRequest))
#3 /var/www/webhost/lib/Cake/Routing/Dispatcher.php(161): Dispatcher->_invoke(Object(UsersController), Object(CakeRequest), Object(CakeResponse))
#4 /var/www/webhost/app/webroot/index.php(92): Dispatcher->dispatch(Object(CakeRequest), Object(CakeResponse))
#5 {main}
2012-09-24 07:04:54 Error: [NotFoundException] Invalid user
#0 [internal function]: UsersController->view('logout')
#1 /var/www/webhost/lib/Cake/Controller/Controller.php(485): ReflectionMethod->invokeArgs(Object(UsersController), Array)
#2 /var/www/webhost/lib/Cake/Routing/Dispatcher.php(186): Controller->invokeAction(Object(CakeRequest))
#3 /var/www/webhost/lib/Cake/Routing/Dispatcher.php(161): Dispatcher->_invoke(Object(UsersController), Object(CakeRequest), Object(CakeResponse))
#4 /var/www/webhost/app/webroot/index.php(92): Dispatcher->dispatch(Object(CakeRequest), Object(CakeResponse))
#5 {main}
